This file contains any messages produced by compilers while
running configure, to aid debugging if configure makes a mistake.

It was created by libepuck configure 0.4.0, which was
generated by GNU Autoconf 2.61.  Invocation command line was

  $ ./configure 

## --------- ##
## Platform. ##
## --------- ##

hostname = dime
uname -m = i686
uname -r = 3.2.0-38-generic
uname -s = Linux
uname -v = #61-Ubuntu SMP Tue Feb 19 12:20:02 UTC 2013

/usr/bin/uname -p = unknown
/bin/uname -X     = unknown

/bin/arch              = unknown
/usr/bin/arch -k       = unknown
/usr/convex/getsysinfo = unknown
/usr/bin/hostinfo      = unknown
/bin/machine           = unknown
/usr/bin/oslevel       = unknown
/bin/universe          = unknown

PATH: /usr/lib/lightdm/lightdm
PATH: /usr/local/sbin
PATH: /usr/local/bin
PATH: /usr/sbin
PATH: /usr/bin
PATH: /sbin
PATH: /bin
PATH: /usr/games
PATH: /home/knickels/playerstage/bin
PATH: /usr/local/MATLAB/R2011a/bin


## ----------- ##
## Core tests. ##
## ----------- ##

configure:1999: checking for a BSD-compatible install
configure:2055: result: /usr/bin/install -c
configure:2066: checking whether build environment is sane
configure:2109: result: yes
configure:2137: checking for a thread-safe mkdir -p
configure:2176: result: /bin/mkdir -p
configure:2189: checking for gawk
configure:2205: found /usr/bin/gawk
configure:2216: result: gawk
configure:2227: checking whether make sets $(MAKE)
configure:2248: result: yes
configure:2467: checking build system type
configure:2485: result: i686-pc-linux-gnu
configure:2507: checking host system type
configure:2522: result: i686-pc-linux-gnu
configure:2556: checking for style of include used by make
configure:2584: result: GNU
configure:2654: checking for gcc
configure:2670: found /usr/bin/gcc
configure:2681: result: gcc
configure:2919: checking for C compiler version
configure:2926: gcc --version >&5
gcc (Ubuntu/Linaro 4.6.3-1ubuntu5) 4.6.3
Copyright (C) 2011 Free Software Foundation, Inc.
This is free software; see the source for copying conditions.  There is NO
warranty; not even for MERCHANTABILITY or FITNESS FOR A PARTICULAR PURPOSE.

configure:2929: $? = 0
configure:2936: gcc -v >&5
Using built-in specs.
COLLECT_GCC=gcc
COLLECT_LTO_WRAPPER=/usr/lib/gcc/i686-linux-gnu/4.6/lto-wrapper
Target: i686-linux-gnu
Configured with: ../src/configure -v --with-pkgversion='Ubuntu/Linaro 4.6.3-1ubuntu5' --with-bugurl=file:///usr/share/doc/gcc-4.6/README.Bugs --enable-languages=c,c++,fortran,objc,obj-c++ --prefix=/usr --program-suffix=-4.6 --enable-shared --enable-linker-build-id --with-system-zlib --libexecdir=/usr/lib --without-included-gettext --enable-threads=posix --with-gxx-include-dir=/usr/include/c++/4.6 --libdir=/usr/lib --enable-nls --with-sysroot=/ --enable-clocale=gnu --enable-libstdcxx-debug --enable-libstdcxx-time=yes --enable-gnu-unique-object --enable-plugin --enable-objc-gc --enable-targets=all --disable-werror --with-arch-32=i686 --with-tune=generic --enable-checking=release --build=i686-linux-gnu --host=i686-linux-gnu --target=i686-linux-gnu
Thread model: posix
gcc version 4.6.3 (Ubuntu/Linaro 4.6.3-1ubuntu5) 
configure:2939: $? = 0
configure:2946: gcc -V >&5
gcc: error: unrecognized option '-V'
gcc: fatal error: no input files
compilation terminated.
configure:2949: $? = 4
configure:2972: checking for C compiler default output file name
configure:2999: gcc    conftest.c  >&5
configure:3002: $? = 0
configure:3040: result: a.out
configure:3057: checking whether the C compiler works
configure:3067: ./a.out
configure:3070: $? = 0
configure:3087: result: yes
configure:3094: checking whether we are cross compiling
configure:3096: result: no
configure:3099: checking for suffix of executables
configure:3106: gcc -o conftest    conftest.c  >&5
configure:3109: $? = 0
configure:3133: result: 
configure:3139: checking for suffix of object files
configure:3165: gcc -c   conftest.c >&5
configure:3168: $? = 0
configure:3191: result: o
configure:3195: checking whether we are using the GNU C compiler
configure:3224: gcc -c   conftest.c >&5
configure:3230: $? = 0
configure:3247: result: yes
configure:3252: checking whether gcc accepts -g
configure:3282: gcc -c -g  conftest.c >&5
configure:3288: $? = 0
configure:3387: result: yes
configure:3404: checking for gcc option to accept ISO C89
configure:3478: gcc  -c -g -O2  conftest.c >&5
configure:3484: $? = 0
configure:3507: result: none needed
configure:3527: checking dependency style of gcc
configure:3618: result: gcc3
configure:3633: checking for a sed that does not truncate output
configure:3712: result: /bin/sed
configure:3730: checking for grep that handles long lines and -e
configure:3804: result: /bin/grep
configure:3809: checking for egrep
configure:3887: result: /bin/grep -E
configure:3892: checking for fgrep
configure:3970: result: /bin/grep -F
configure:4005: checking for ld used by gcc
configure:4072: result: /usr/bin/ld
configure:4081: checking if the linker (/usr/bin/ld) is GNU ld
configure:4096: result: yes
configure:4108: checking for BSD- or MS-compatible name lister (nm)
configure:4157: result: /usr/bin/nm -B
configure:4279: checking the name lister (/usr/bin/nm -B) interface
configure:4286: gcc -c -g -O2  conftest.c >&5
configure:4289: /usr/bin/nm -B "conftest.o"
configure:4292: output
00000000 B some_variable
configure:4299: result: BSD nm
configure:4302: checking whether ln -s works
configure:4306: result: yes
configure:4314: checking the maximum length of command line arguments
configure:4434: result: 1572864
configure:4451: checking whether the shell understands some XSI constructs
configure:4461: result: yes
configure:4465: checking whether the shell understands "+="
configure:4471: result: yes
configure:4506: checking for /usr/bin/ld option to reload object files
configure:4513: result: -r
configure:4540: checking how to recognize dependent libraries
configure:4730: result: pass_all
configure:4790: checking for ar
configure:4806: found /usr/bin/ar
configure:4817: result: ar
configure:4899: checking for strip
configure:4915: found /usr/bin/strip
configure:4926: result: strip
configure:5002: checking for ranlib
configure:5018: found /usr/bin/ranlib
configure:5029: result: ranlib
configure:5123: checking command to parse /usr/bin/nm -B output from gcc object
configure:5241: gcc -c -g -O2  conftest.c >&5
configure:5244: $? = 0
configure:5248: /usr/bin/nm -B conftest.o \| sed -n -e 's/^.*[	 ]\([ABCDGIRSTW][ABCDGIRSTW]*\)[	 ][	 ]*\([_A-Za-z][_A-Za-z0-9]*\)$/\1 \2 \2/p' \> conftest.nm
configure:5251: $? = 0
configure:5305: gcc -o conftest -g -O2   conftest.c conftstm.o >&5
configure:5308: $? = 0
configure:5346: result: ok
configure:6225: checking how to run the C preprocessor
configure:6265: gcc -E  conftest.c
configure:6271: $? = 0
configure:6302: gcc -E  conftest.c
conftest.c:10:28: fatal error: ac_nonexistent.h: No such file or directory
compilation terminated.
configure:6308: $? = 1
configure: failed program was:
| /* confdefs.h.  */
| #define PACKAGE_NAME "libepuck"
| #define PACKAGE_TARNAME "libepuck"
| #define PACKAGE_VERSION "0.4.0"
| #define PACKAGE_STRING "libepuck 0.4.0"
| #define PACKAGE_BUGREPORT "fgar.renato@gmail.com"
| #define PACKAGE "libepuck"
| #define VERSION "0.4.0"
| /* end confdefs.h.  */
| #include <ac_nonexistent.h>
configure:6341: result: gcc -E
configure:6370: gcc -E  conftest.c
configure:6376: $? = 0
configure:6407: gcc -E  conftest.c
conftest.c:10:28: fatal error: ac_nonexistent.h: No such file or directory
compilation terminated.
configure:6413: $? = 1
configure: failed program was:
| /* confdefs.h.  */
| #define PACKAGE_NAME "libepuck"
| #define PACKAGE_TARNAME "libepuck"
| #define PACKAGE_VERSION "0.4.0"
| #define PACKAGE_STRING "libepuck 0.4.0"
| #define PACKAGE_BUGREPORT "fgar.renato@gmail.com"
| #define PACKAGE "libepuck"
| #define VERSION "0.4.0"
| /* end confdefs.h.  */
| #include <ac_nonexistent.h>
configure:6451: checking for ANSI C header files
configure:6481: gcc -c -g -O2  conftest.c >&5
configure:6487: $? = 0
configure:6586: gcc -o conftest -g -O2   conftest.c  >&5
configure:6589: $? = 0
configure:6595: ./conftest
configure:6598: $? = 0
configure:6615: result: yes
configure:6639: checking for sys/types.h
configure:6660: gcc -c -g -O2  conftest.c >&5
configure:6666: $? = 0
configure:6682: result: yes
configure:6639: checking for sys/stat.h
configure:6660: gcc -c -g -O2  conftest.c >&5
configure:6666: $? = 0
configure:6682: result: yes
configure:6639: checking for stdlib.h
configure:6660: gcc -c -g -O2  conftest.c >&5
configure:6666: $? = 0
configure:6682: result: yes
configure:6639: checking for string.h
configure:6660: gcc -c -g -O2  conftest.c >&5
configure:6666: $? = 0
configure:6682: result: yes
configure:6639: checking for memory.h
configure:6660: gcc -c -g -O2  conftest.c >&5
configure:6666: $? = 0
configure:6682: result: yes
configure:6639: checking for strings.h
configure:6660: gcc -c -g -O2  conftest.c >&5
configure:6666: $? = 0
configure:6682: result: yes
configure:6639: checking for inttypes.h
configure:6660: gcc -c -g -O2  conftest.c >&5
configure:6666: $? = 0
configure:6682: result: yes
configure:6639: checking for stdint.h
configure:6660: gcc -c -g -O2  conftest.c >&5
configure:6666: $? = 0
configure:6682: result: yes
configure:6639: checking for unistd.h
configure:6660: gcc -c -g -O2  conftest.c >&5
configure:6666: $? = 0
configure:6682: result: yes
configure:6698: checking for dlfcn.h
configure:6719: gcc -c -g -O2  conftest.c >&5
configure:6725: $? = 0
configure:6741: result: yes
configure:6925: checking for objdir
configure:6940: result: .libs
configure:7232: checking if gcc supports -fno-rtti -fno-exceptions
configure:7250: gcc -c -g -O2  -fno-rtti -fno-exceptions conftest.c >&5
cc1: warning: command line option '-fno-rtti' is valid for C++/ObjC++ but not for C [enabled by default]
configure:7254: $? = 0
configure:7267: result: no
configure:7287: checking for gcc option to produce PIC
configure:7544: result: -fPIC -DPIC
configure:7556: checking if gcc PIC flag -fPIC -DPIC works
configure:7574: gcc -c -g -O2  -fPIC -DPIC -DPIC conftest.c >&5
configure:7578: $? = 0
configure:7591: result: yes
configure:7615: checking if gcc static flag -static works
configure:7643: result: yes
configure:7658: checking if gcc supports -c -o file.o
configure:7679: gcc -c -g -O2  -o out/conftest2.o conftest.c >&5
configure:7683: $? = 0
configure:7705: result: yes
configure:7713: checking if gcc supports -c -o file.o
configure:7760: result: yes
configure:7793: checking whether the gcc linker (/usr/bin/ld) supports shared libraries
configure:8848: result: yes
configure:8885: checking whether -lc should be explicitly linked in
configure:8890: gcc -c -g -O2  conftest.c >&5
configure:8893: $? = 0
configure:8908: gcc -shared conftest.o  -v -Wl,-soname -Wl,conftest -o conftest 2\>\&1 \| /bin/grep  -lc  \>/dev/null 2\>\&1
configure:8911: $? = 0
configure:8923: result: no
configure:9087: checking dynamic linker characteristics
configure:9530: gcc -o conftest -g -O2   -Wl,-rpath -Wl,/foo conftest.c  >&5
configure:9536: $? = 0
configure:9778: result: GNU/Linux ld.so
configure:9880: checking how to hardcode library paths into programs
configure:9905: result: immediate
configure:10718: checking whether stripping libraries is possible
configure:10723: result: yes
configure:10758: checking if libtool supports shared libraries
configure:10760: result: yes
configure:10763: checking whether to build shared libraries
configure:10784: result: yes
configure:10787: checking whether to build static libraries
configure:10791: result: yes
configure:10839: checking for a BSD-compatible install
configure:10895: result: /usr/bin/install -c
configure:10970: checking for g++
configure:10986: found /usr/bin/g++
configure:10997: result: g++
configure:11028: checking for C++ compiler version
configure:11035: g++ --version >&5
g++ (Ubuntu/Linaro 4.6.3-1ubuntu5) 4.6.3
Copyright (C) 2011 Free Software Foundation, Inc.
This is free software; see the source for copying conditions.  There is NO
warranty; not even for MERCHANTABILITY or FITNESS FOR A PARTICULAR PURPOSE.

configure:11038: $? = 0
configure:11045: g++ -v >&5
Using built-in specs.
COLLECT_GCC=g++
COLLECT_LTO_WRAPPER=/usr/lib/gcc/i686-linux-gnu/4.6/lto-wrapper
Target: i686-linux-gnu
Configured with: ../src/configure -v --with-pkgversion='Ubuntu/Linaro 4.6.3-1ubuntu5' --with-bugurl=file:///usr/share/doc/gcc-4.6/README.Bugs --enable-languages=c,c++,fortran,objc,obj-c++ --prefix=/usr --program-suffix=-4.6 --enable-shared --enable-linker-build-id --with-system-zlib --libexecdir=/usr/lib --without-included-gettext --enable-threads=posix --with-gxx-include-dir=/usr/include/c++/4.6 --libdir=/usr/lib --enable-nls --with-sysroot=/ --enable-clocale=gnu --enable-libstdcxx-debug --enable-libstdcxx-time=yes --enable-gnu-unique-object --enable-plugin --enable-objc-gc --enable-targets=all --disable-werror --with-arch-32=i686 --with-tune=generic --enable-checking=release --build=i686-linux-gnu --host=i686-linux-gnu --target=i686-linux-gnu
Thread model: posix
gcc version 4.6.3 (Ubuntu/Linaro 4.6.3-1ubuntu5) 
configure:11048: $? = 0
configure:11055: g++ -V >&5
g++: error: unrecognized option '-V'
g++: fatal error: no input files
compilation terminated.
configure:11058: $? = 4
configure:11061: checking whether we are using the GNU C++ compiler
configure:11090: g++ -c   conftest.cpp >&5
configure:11096: $? = 0
configure:11113: result: yes
configure:11118: checking whether g++ accepts -g
configure:11148: g++ -c -g  conftest.cpp >&5
configure:11154: $? = 0
configure:11253: result: yes
configure:11278: checking dependency style of g++
configure:11369: result: gcc3
configure:11501: checking for C++ compiler version
configure:11508: g++ --version >&5
g++ (Ubuntu/Linaro 4.6.3-1ubuntu5) 4.6.3
Copyright (C) 2011 Free Software Foundation, Inc.
This is free software; see the source for copying conditions.  There is NO
warranty; not even for MERCHANTABILITY or FITNESS FOR A PARTICULAR PURPOSE.

configure:11511: $? = 0
configure:11518: g++ -v >&5
Using built-in specs.
COLLECT_GCC=g++
COLLECT_LTO_WRAPPER=/usr/lib/gcc/i686-linux-gnu/4.6/lto-wrapper
Target: i686-linux-gnu
Configured with: ../src/configure -v --with-pkgversion='Ubuntu/Linaro 4.6.3-1ubuntu5' --with-bugurl=file:///usr/share/doc/gcc-4.6/README.Bugs --enable-languages=c,c++,fortran,objc,obj-c++ --prefix=/usr --program-suffix=-4.6 --enable-shared --enable-linker-build-id --with-system-zlib --libexecdir=/usr/lib --without-included-gettext --enable-threads=posix --with-gxx-include-dir=/usr/include/c++/4.6 --libdir=/usr/lib --enable-nls --with-sysroot=/ --enable-clocale=gnu --enable-libstdcxx-debug --enable-libstdcxx-time=yes --enable-gnu-unique-object --enable-plugin --enable-objc-gc --enable-targets=all --disable-werror --with-arch-32=i686 --with-tune=generic --enable-checking=release --build=i686-linux-gnu --host=i686-linux-gnu --target=i686-linux-gnu
Thread model: posix
gcc version 4.6.3 (Ubuntu/Linaro 4.6.3-1ubuntu5) 
configure:11521: $? = 0
configure:11528: g++ -V >&5
g++: error: unrecognized option '-V'
g++: fatal error: no input files
compilation terminated.
configure:11531: $? = 4
configure:11534: checking whether we are using the GNU C++ compiler
configure:11586: result: yes
configure:11591: checking whether g++ accepts -g
configure:11726: result: yes
configure:11751: checking dependency style of g++
configure:11842: result: gcc3
configure:11865: checking how to run the C++ preprocessor
configure:11901: g++ -E  conftest.cpp
configure:11907: $? = 0
configure:11938: g++ -E  conftest.cpp
conftest.cpp:22:28: fatal error: ac_nonexistent.h: No such file or directory
compilation terminated.
configure:11944: $? = 1
configure: failed program was:
| /* confdefs.h.  */
| #define PACKAGE_NAME "libepuck"
| #define PACKAGE_TARNAME "libepuck"
| #define PACKAGE_VERSION "0.4.0"
| #define PACKAGE_STRING "libepuck 0.4.0"
| #define PACKAGE_BUGREPORT "fgar.renato@gmail.com"
| #define PACKAGE "libepuck"
| #define VERSION "0.4.0"
| #define STDC_HEADERS 1
| #define HAVE_SYS_TYPES_H 1
| #define HAVE_SYS_STAT_H 1
| #define HAVE_STDLIB_H 1
| #define HAVE_STRING_H 1
| #define HAVE_MEMORY_H 1
| #define HAVE_STRINGS_H 1
| #define HAVE_INTTYPES_H 1
| #define HAVE_STDINT_H 1
| #define HAVE_UNISTD_H 1
| #define HAVE_DLFCN_H 1
| #define LT_OBJDIR ".libs/"
| /* end confdefs.h.  */
| #include <ac_nonexistent.h>
configure:11977: result: g++ -E
configure:12006: g++ -E  conftest.cpp
configure:12012: $? = 0
configure:12043: g++ -E  conftest.cpp
conftest.cpp:22:28: fatal error: ac_nonexistent.h: No such file or directory
compilation terminated.
configure:12049: $? = 1
configure: failed program was:
| /* confdefs.h.  */
| #define PACKAGE_NAME "libepuck"
| #define PACKAGE_TARNAME "libepuck"
| #define PACKAGE_VERSION "0.4.0"
| #define PACKAGE_STRING "libepuck 0.4.0"
| #define PACKAGE_BUGREPORT "fgar.renato@gmail.com"
| #define PACKAGE "libepuck"
| #define VERSION "0.4.0"
| #define STDC_HEADERS 1
| #define HAVE_SYS_TYPES_H 1
| #define HAVE_SYS_STAT_H 1
| #define HAVE_STDLIB_H 1
| #define HAVE_STRING_H 1
| #define HAVE_MEMORY_H 1
| #define HAVE_STRINGS_H 1
| #define HAVE_INTTYPES_H 1
| #define HAVE_STDINT_H 1
| #define HAVE_UNISTD_H 1
| #define HAVE_DLFCN_H 1
| #define LT_OBJDIR ".libs/"
| /* end confdefs.h.  */
| #include <ac_nonexistent.h>
configure:12223: checking for ld used by g++
configure:12290: result: /usr/bin/ld
configure:12299: checking if the linker (/usr/bin/ld) is GNU ld
configure:12314: result: yes
configure:12369: checking whether the g++ linker (/usr/bin/ld) supports shared libraries
configure:13331: result: yes
configure:13359: g++ -c -g -O2  conftest.cpp >&5
configure:13362: $? = 0
configure:13544: checking for g++ option to produce PIC
configure:13853: result: -fPIC -DPIC
configure:13862: checking if g++ PIC flag -fPIC -DPIC works
configure:13880: g++ -c -g -O2  -fPIC -DPIC -DPIC conftest.cpp >&5
configure:13884: $? = 0
configure:13897: result: yes
configure:13918: checking if g++ static flag -static works
configure:13946: result: yes
configure:13958: checking if g++ supports -c -o file.o
configure:13979: g++ -c -g -O2  -o out/conftest2.o conftest.cpp >&5
configure:13983: $? = 0
configure:14005: result: yes
configure:14010: checking if g++ supports -c -o file.o
configure:14057: result: yes
configure:14087: checking whether the g++ linker (/usr/bin/ld) supports shared libraries
configure:14116: result: yes
configure:14253: checking dynamic linker characteristics
configure:14644: g++ -o conftest -g -O2   -Wl,-rpath -Wl,/foo conftest.cpp  >&5
configure:14650: $? = 0
configure:14892: result: GNU/Linux ld.so
configure:14943: checking how to hardcode library paths into programs
configure:14968: result: immediate
configure:15058: checking for pkg-config
configure:15076: found /usr/bin/pkg-config
configure:15088: result: /usr/bin/pkg-config
configure:15117: checking pkg-config is at least version 0.9.0
configure:15120: result: yes
configure:15131: checking for PLAYERCORE_2_0
configure:15139: $PKG_CONFIG --exists --print-errors "playercore >= 2.0 playercore < 2.1"
Requested 'playercore < 2.1' but version of playercore is 3.0.2
configure:15142: $? = 1
configure:15157: $PKG_CONFIG --exists --print-errors "playercore >= 2.0 playercore < 2.1"
Requested 'playercore < 2.1' but version of playercore is 3.0.2
configure:15160: $? = 1
Requested 'playercore < 2.1' but version of playercore is 3.0.2
configure:15188: result: no
configure:15216: checking for PLAYERCORE_2_1
configure:15224: $PKG_CONFIG --exists --print-errors "playercore >= 2.1 playercore < 2.2"
Requested 'playercore < 2.2' but version of playercore is 3.0.2
configure:15227: $? = 1
configure:15242: $PKG_CONFIG --exists --print-errors "playercore >= 2.1 playercore < 2.2"
Requested 'playercore < 2.2' but version of playercore is 3.0.2
configure:15245: $? = 1
Requested 'playercore < 2.2' but version of playercore is 3.0.2
configure:15273: result: no
configure:15301: checking for an ANSI C-conforming const
configure:15376: gcc -c -g -O2  conftest.c >&5
configure:15382: $? = 0
configure:15397: result: yes
configure:15553: creating ./config.status

## ---------------------- ##
## Running config.status. ##
## ---------------------- ##

This file was extended by libepuck config.status 0.4.0, which was
generated by GNU Autoconf 2.61.  Invocation command line was

  CONFIG_FILES    = 
  CONFIG_HEADERS  = 
  CONFIG_LINKS    = 
  CONFIG_COMMANDS = 
  $ ./config.status 

on dime

config.status:919: creating Makefile
config.status:919: creating src/Makefile
config.status:919: creating doc/doxygen/Makefile
config.status:919: creating config.h
config.status:1194: executing depfiles commands
config.status:1194: executing libtool commands

## ---------------- ##
## Cache variables. ##
## ---------------- ##

ac_cv_build=i686-pc-linux-gnu
ac_cv_c_compiler_gnu=yes
ac_cv_c_const=yes
ac_cv_cxx_compiler_gnu=yes
ac_cv_env_CCC_set=
ac_cv_env_CCC_value=
ac_cv_env_CC_set=
ac_cv_env_CC_value=
ac_cv_env_CFLAGS_set=
ac_cv_env_CFLAGS_value=
ac_cv_env_CPPFLAGS_set=
ac_cv_env_CPPFLAGS_value=
ac_cv_env_CPP_set=
ac_cv_env_CPP_value=
ac_cv_env_CXXCPP_set=
ac_cv_env_CXXCPP_value=
ac_cv_env_CXXFLAGS_set=
ac_cv_env_CXXFLAGS_value=
ac_cv_env_CXX_set=
ac_cv_env_CXX_value=
ac_cv_env_LDFLAGS_set=
ac_cv_env_LDFLAGS_value=
ac_cv_env_LIBS_set=
ac_cv_env_LIBS_value=
ac_cv_env_PKG_CONFIG_set=
ac_cv_env_PKG_CONFIG_value=
ac_cv_env_PLAYERCORE_2_0_CFLAGS_set=
ac_cv_env_PLAYERCORE_2_0_CFLAGS_value=
ac_cv_env_PLAYERCORE_2_0_LIBS_set=
ac_cv_env_PLAYERCORE_2_0_LIBS_value=
ac_cv_env_PLAYERCORE_2_1_CFLAGS_set=
ac_cv_env_PLAYERCORE_2_1_CFLAGS_value=
ac_cv_env_PLAYERCORE_2_1_LIBS_set=
ac_cv_env_PLAYERCORE_2_1_LIBS_value=
ac_cv_env_build_alias_set=
ac_cv_env_build_alias_value=
ac_cv_env_host_alias_set=
ac_cv_env_host_alias_value=
ac_cv_env_target_alias_set=
ac_cv_env_target_alias_value=
ac_cv_header_dlfcn_h=yes
ac_cv_header_inttypes_h=yes
ac_cv_header_memory_h=yes
ac_cv_header_stdc=yes
ac_cv_header_stdint_h=yes
ac_cv_header_stdlib_h=yes
ac_cv_header_string_h=yes
ac_cv_header_strings_h=yes
ac_cv_header_sys_stat_h=yes
ac_cv_header_sys_types_h=yes
ac_cv_header_unistd_h=yes
ac_cv_host=i686-pc-linux-gnu
ac_cv_objext=o
ac_cv_path_EGREP='/bin/grep -E'
ac_cv_path_FGREP='/bin/grep -F'
ac_cv_path_GREP=/bin/grep
ac_cv_path_SED=/bin/sed
ac_cv_path_ac_pt_PKG_CONFIG=/usr/bin/pkg-config
ac_cv_path_install='/usr/bin/install -c'
ac_cv_path_mkdir=/bin/mkdir
ac_cv_prog_AWK=gawk
ac_cv_prog_CPP='gcc -E'
ac_cv_prog_CXXCPP='g++ -E'
ac_cv_prog_ac_ct_AR=ar
ac_cv_prog_ac_ct_CC=gcc
ac_cv_prog_ac_ct_CXX=g++
ac_cv_prog_ac_ct_RANLIB=ranlib
ac_cv_prog_ac_ct_STRIP=strip
ac_cv_prog_cc_c89=
ac_cv_prog_cc_g=yes
ac_cv_prog_cxx_g=yes
ac_cv_prog_make_make_set=yes
am_cv_CC_dependencies_compiler_type=gcc3
am_cv_CXX_dependencies_compiler_type=gcc3
lt_cv_deplibs_check_method=pass_all
lt_cv_file_magic_cmd='$MAGIC_CMD'
lt_cv_file_magic_test_file=
lt_cv_ld_reload_flag=-r
lt_cv_nm_interface='BSD nm'
lt_cv_objdir=.libs
lt_cv_path_LD=/usr/bin/ld
lt_cv_path_LDCXX=/usr/bin/ld
lt_cv_path_NM='/usr/bin/nm -B'
lt_cv_prog_compiler_c_o=yes
lt_cv_prog_compiler_c_o_CXX=yes
lt_cv_prog_compiler_pic_works=yes
lt_cv_prog_compiler_pic_works_CXX=yes
lt_cv_prog_compiler_rtti_exceptions=no
lt_cv_prog_compiler_static_works=yes
lt_cv_prog_compiler_static_works_CXX=yes
lt_cv_prog_gnu_ld=yes
lt_cv_prog_gnu_ldcxx=yes
lt_cv_sys_global_symbol_pipe='sed -n -e '\''s/^.*[	 ]\([ABCDGIRSTW][ABCDGIRSTW]*\)[	 ][	 ]*\([_A-Za-z][_A-Za-z0-9]*\)$/\1 \2 \2/p'\'''
lt_cv_sys_global_symbol_to_c_name_address='sed -n -e '\''s/^: \([^ ]*\) $/  {\"\1\", (void *) 0},/p'\'' -e '\''s/^[ABCDGIRSTW]* \([^ ]*\) \([^ ]*\)$/  {"\2", (void *) \&\2},/p'\'''
lt_cv_sys_global_symbol_to_c_name_address_lib_prefix='sed -n -e '\''s/^: \([^ ]*\) $/  {\"\1\", (void *) 0},/p'\'' -e '\''s/^[ABCDGIRSTW]* \([^ ]*\) \(lib[^ ]*\)$/  {"\2", (void *) \&\2},/p'\'' -e '\''s/^[ABCDGIRSTW]* \([^ ]*\) \([^ ]*\)$/  {"lib\2", (void *) \&\2},/p'\'''
lt_cv_sys_global_symbol_to_cdecl='sed -n -e '\''s/^T .* \(.*\)$/extern int \1();/p'\'' -e '\''s/^[ABCDGIRSTW]* .* \(.*\)$/extern char \1;/p'\'''
lt_cv_sys_max_cmd_len=1572864

## ----------------- ##
## Output variables. ##
## ----------------- ##

ACLOCAL='${SHELL} /home/knickels/Dropbox/Work-R/SLAM-13-Tarquino/PlayerStage/epuck/libepuck-0.4.0/missing --run aclocal-1.10'
AMDEPBACKSLASH='\'
AMDEP_FALSE='#'
AMDEP_TRUE=''
AMTAR='${SHELL} /home/knickels/Dropbox/Work-R/SLAM-13-Tarquino/PlayerStage/epuck/libepuck-0.4.0/missing --run tar'
AR='ar'
AUTOCONF='${SHELL} /home/knickels/Dropbox/Work-R/SLAM-13-Tarquino/PlayerStage/epuck/libepuck-0.4.0/missing --run autoconf'
AUTOHEADER='${SHELL} /home/knickels/Dropbox/Work-R/SLAM-13-Tarquino/PlayerStage/epuck/libepuck-0.4.0/missing --run autoheader'
AUTOMAKE='${SHELL} /home/knickels/Dropbox/Work-R/SLAM-13-Tarquino/PlayerStage/epuck/libepuck-0.4.0/missing --run automake-1.10'
AWK='gawk'
CC='gcc'
CCDEPMODE='depmode=gcc3'
CFLAGS='-g -O2'
CPP='gcc -E'
CPPFLAGS=''
CXX='g++'
CXXCPP='g++ -E'
CXXDEPMODE='depmode=gcc3'
CXXFLAGS='-g -O2'
CYGPATH_W='echo'
DEFS='-DHAVE_CONFIG_H'
DEPDIR='.deps'
DSYMUTIL=''
DUMPBIN=''
ECHO_C=''
ECHO_N='-n'
ECHO_T=''
EGREP='/bin/grep -E'
EXEEXT=''
FGREP='/bin/grep -F'
GREP='/bin/grep'
INSTALL_DATA='${INSTALL} -m 644'
INSTALL_PROGRAM='${INSTALL}'
INSTALL_SCRIPT='${INSTALL}'
INSTALL_STRIP_PROGRAM='$(install_sh) -c -s'
LD='/usr/bin/ld'
LDFLAGS=''
LIBOBJS=''
LIBS=''
LIBTOOL='$(SHELL) $(top_builddir)/libtool'
LIPO=''
LN_S='ln -s'
LTLIBOBJS=''
MAKEINFO='${SHELL} /home/knickels/Dropbox/Work-R/SLAM-13-Tarquino/PlayerStage/epuck/libepuck-0.4.0/missing --run makeinfo'
NM='/usr/bin/nm -B'
NMEDIT=''
OBJEXT='o'
OTOOL64=''
OTOOL=''
PACKAGE='libepuck'
PACKAGE_BUGREPORT='fgar.renato@gmail.com'
PACKAGE_NAME='libepuck'
PACKAGE_STRING='libepuck 0.4.0'
PACKAGE_TARNAME='libepuck'
PACKAGE_VERSION='0.4.0'
PATH_SEPARATOR=':'
PKG_CONFIG='/usr/bin/pkg-config'
PLAYERCORE_2_0_CFLAGS=''
PLAYERCORE_2_0_LIBS=''
PLAYERCORE_2_1_CFLAGS=''
PLAYERCORE_2_1_LIBS=''
PLAYER_2_0_FALSE=''
PLAYER_2_0_TRUE='#'
PLAYER_2_1_FALSE=''
PLAYER_2_1_TRUE='#'
RANLIB='ranlib'
SED='/bin/sed'
SET_MAKE=''
SHELL='/bin/bash'
STRIP='strip'
VERSION='0.4.0'
ac_ct_CC='gcc'
ac_ct_CXX='g++'
ac_ct_DUMPBIN=''
am__fastdepCC_FALSE='#'
am__fastdepCC_TRUE=''
am__fastdepCXX_FALSE='#'
am__fastdepCXX_TRUE=''
am__include='include'
am__isrc=''
am__leading_dot='.'
am__quote=''
am__tar='${AMTAR} chof - "$$tardir"'
am__untar='${AMTAR} xf -'
bindir='${exec_prefix}/bin'
build='i686-pc-linux-gnu'
build_alias=''
build_cpu='i686'
build_os='linux-gnu'
build_vendor='pc'
datadir='${datarootdir}'
datarootdir='${prefix}/share'
docdir='${datarootdir}/doc/${PACKAGE_TARNAME}'
dvidir='${docdir}'
exec_prefix='${prefix}'
host='i686-pc-linux-gnu'
host_alias=''
host_cpu='i686'
host_os='linux-gnu'
host_vendor='pc'
htmldir='${docdir}'
includedir='${prefix}/include'
infodir='${datarootdir}/info'
install_sh='$(SHELL) /home/knickels/Dropbox/Work-R/SLAM-13-Tarquino/PlayerStage/epuck/libepuck-0.4.0/install-sh'
libdir='${exec_prefix}/lib'
libexecdir='${exec_prefix}/libexec'
localedir='${datarootdir}/locale'
localstatedir='${prefix}/var'
lt_ECHO='echo'
mandir='${datarootdir}/man'
mkdir_p='/bin/mkdir -p'
oldincludedir='/usr/include'
pdfdir='${docdir}'
prefix='/usr/local'
program_transform_name='s,x,x,'
psdir='${docdir}'
sbindir='${exec_prefix}/sbin'
sharedstatedir='${prefix}/com'
sysconfdir='${prefix}/etc'
target_alias=''

## ----------- ##
## confdefs.h. ##
## ----------- ##

#define PACKAGE_NAME "libepuck"
#define PACKAGE_TARNAME "libepuck"
#define PACKAGE_VERSION "0.4.0"
#define PACKAGE_STRING "libepuck 0.4.0"
#define PACKAGE_BUGREPORT "fgar.renato@gmail.com"
#define PACKAGE "libepuck"
#define VERSION "0.4.0"
#define STDC_HEADERS 1
#define HAVE_SYS_TYPES_H 1
#define HAVE_SYS_STAT_H 1
#define HAVE_STDLIB_H 1
#define HAVE_STRING_H 1
#define HAVE_MEMORY_H 1
#define HAVE_STRINGS_H 1
#define HAVE_INTTYPES_H 1
#define HAVE_STDINT_H 1
#define HAVE_UNISTD_H 1
#define HAVE_DLFCN_H 1
#define LT_OBJDIR ".libs/"

configure: exit 0
